build/app/intermediates/manifest_merge_blame_file/release/manifest-merger-blame-release-report.txt
1<?xml version="1.0" encoding="utf-8"?>
2<manifest xmlns:android="http://schemas.android.com/apk/res/android"
3    package="com.example.untitled"
4    android:versionCode="1"
5    android:versionName="1.0.0" >
6
7    <uses-sdk
8        android:minSdkVersion="20"
8-->src\main\AndroidManifest.xml
9        android:targetSdkVersion="31" />
9-->src\main\AndroidManifest.xml
10
11    <uses-permission android:name="android.permission.FOREGROUND_SERVICE" />
11-->src\main\AndroidManifest.xml:4:5-77
11-->src\main\AndroidManifest.xml:4:22-74
12    <uses-permission android:name="android.permission.ACCESS_BACKGROUND_LOCATION" />
12-->src\main\AndroidManifest.xml:5:5-85
12-->src\main\AndroidManifest.xml:5:22-82
13    <uses-permission android:name="android.permission.ACCESS_COARSE_LOCATION" />
13-->[:location] AndroidManifest.xml:9:5-81
13-->[:location] AndroidManifest.xml:9:22-78
14    <uses-permission android:name="android.permission.ACCESS_FINE_LOCATION" />
14-->[:location] AndroidManifest.xml:10:5-79
14-->[:location] AndroidManifest.xml:10:22-76
15    <uses-permission android:name="android.permission.CAMERA" /> <!-- Don't require camera, as this requires a rear camera. This allows it to work on the Nexus 7 -->
15-->[com.journeyapps:zxing-android-embedded:4.3.0] AndroidManifest.xml:22:5-65
15-->[com.journeyapps:zxing-android-embedded:4.3.0] AndroidManifest.xml:22:22-62
16    <uses-feature
16-->[com.journeyapps:zxing-android-embedded:4.3.0] AndroidManifest.xml:25:5-27:36
17        android:name="android.hardware.camera"
17-->[com.journeyapps:zxing-android-embedded:4.3.0] AndroidManifest.xml:26:9-47
18        android:required="false" />
18-->[com.journeyapps:zxing-android-embedded:4.3.0] AndroidManifest.xml:27:9-33
19    <uses-feature
19-->[com.journeyapps:zxing-android-embedded:4.3.0] AndroidManifest.xml:28:5-30:36
20        android:name="android.hardware.camera.front"
20-->[com.journeyapps:zxing-android-embedded:4.3.0] AndroidManifest.xml:29:9-53
21        android:required="false" /> <!-- TODO replace above two with next line after Android 4.2 -->
21-->[com.journeyapps:zxing-android-embedded:4.3.0] AndroidManifest.xml:30:9-33
22    <!-- <uses-feature android:name="android.hardware.camera.any"/> -->
23    <uses-feature
23-->[com.journeyapps:zxing-android-embedded:4.3.0] AndroidManifest.xml:33:5-35:36
24        android:name="android.hardware.camera.autofocus"
24-->[com.journeyapps:zxing-android-embedded:4.3.0] AndroidManifest.xml:34:9-57
25        android:required="false" />
25-->[com.journeyapps:zxing-android-embedded:4.3.0] AndroidManifest.xml:35:9-33
26    <uses-feature
26-->[com.journeyapps:zxing-android-embedded:4.3.0] AndroidManifest.xml:36:5-38:36
27        android:name="android.hardware.camera.flash"
27-->[com.journeyapps:zxing-android-embedded:4.3.0] AndroidManifest.xml:37:9-53
28        android:required="false" />
28-->[com.journeyapps:zxing-android-embedded:4.3.0] AndroidManifest.xml:38:9-33
29    <uses-feature
29-->[com.journeyapps:zxing-android-embedded:4.3.0] AndroidManifest.xml:39:5-41:36
30        android:name="android.hardware.screen.landscape"
30-->[com.journeyapps:zxing-android-embedded:4.3.0] AndroidManifest.xml:40:9-57
31        android:required="false" />
31-->[com.journeyapps:zxing-android-embedded:4.3.0] AndroidManifest.xml:41:9-33
32    <uses-feature
32-->[com.journeyapps:zxing-android-embedded:4.3.0] AndroidManifest.xml:42:5-44:36
33        android:name="android.hardware.wifi"
33-->[com.journeyapps:zxing-android-embedded:4.3.0] AndroidManifest.xml:43:9-45
34        android:required="false" />
34-->[com.journeyapps:zxing-android-embedded:4.3.0] AndroidManifest.xml:44:9-33
35
36    <application
37        android:name="android.app.Application"
37-->src\main\AndroidManifest.xml:9:9-42
38        android:appComponentFactory="androidx.core.app.CoreComponentFactory"
38-->[androidx.core:core:1.7.0] AndroidManifest.xml:24:18-86
39        android:icon="@mipmap/ic_launcher"
39-->src\main\AndroidManifest.xml:10:9-43
40        android:label="untitled" >
40-->src\main\AndroidManifest.xml:8:9-33
41        <activity
41-->src\main\AndroidManifest.xml:11:9-31:20
42            android:name="com.example.untitled.MainActivity"
42-->src\main\AndroidManifest.xml:12:13-41
43            android:configChanges="orientation|keyboardHidden|keyboard|screenSize|smallestScreenSize|locale|layoutDirection|fontScale|screenLayout|density|uiMode"
43-->src\main\AndroidManifest.xml:16:13-163
44            android:exported="true"
44-->src\main\AndroidManifest.xml:13:13-36
45            android:hardwareAccelerated="true"
45-->src\main\AndroidManifest.xml:17:13-47
46            android:launchMode="singleTop"
46-->src\main\AndroidManifest.xml:14:13-43
47            android:theme="@style/LaunchTheme"
47-->src\main\AndroidManifest.xml:15:13-47
48            android:windowSoftInputMode="adjustResize" >
48-->src\main\AndroidManifest.xml:18:13-55
49
50            <!--
51                 Specifies an Android theme to apply to this Activity as soon as
52                 the Android process has started. This theme is visible to the user
53                 while the Flutter UI initializes. After that, this theme continues
54                 to determine the Window background behind the Flutter UI.
55            -->
56            <meta-data
56-->src\main\AndroidManifest.xml:23:13-26:17
57                android:name="io.flutter.embedding.android.NormalTheme"
57-->src\main\AndroidManifest.xml:24:15-70
58                android:resource="@style/NormalTheme" />
58-->src\main\AndroidManifest.xml:25:15-52
59
60            <intent-filter>
60-->src\main\AndroidManifest.xml:27:13-30:29
61                <action android:name="android.intent.action.MAIN" />
61-->src\main\AndroidManifest.xml:28:17-68
61-->src\main\AndroidManifest.xml:28:25-66
62
63                <category android:name="android.intent.category.LAUNCHER" />
63-->src\main\AndroidManifest.xml:29:17-76
63-->src\main\AndroidManifest.xml:29:27-74
64            </intent-filter>
65        </activity>
66        <!--
67             Don't delete the meta-data below.
68             This is used by the Flutter tool to generate GeneratedPluginRegistrant.java
69        -->
70        <meta-data
70-->src\main\AndroidManifest.xml:34:9-36:33
71            android:name="flutterEmbedding"
71-->src\main\AndroidManifest.xml:35:13-44
72            android:value="2" />
72-->src\main\AndroidManifest.xml:36:13-30
73
74        <service
74-->[:location] AndroidManifest.xml:13:9-17:56
75            android:name="com.lyokone.location.FlutterLocationService"
75-->[:location] AndroidManifest.xml:14:13-71
76            android:enabled="true"
76-->[:location] AndroidManifest.xml:15:13-35
77            android:exported="false"
77-->[:location] AndroidManifest.xml:16:13-37
78            android:foregroundServiceType="location" />
78-->[:location] AndroidManifest.xml:17:13-53
79
80        <uses-library
80-->[androidx.window:window:1.0.0-beta04] AndroidManifest.xml:25:9-27:40
81            android:name="androidx.window.extensions"
81-->[androidx.window:window:1.0.0-beta04] AndroidManifest.xml:26:13-54
82            android:required="false" />
82-->[androidx.window:window:1.0.0-beta04] AndroidManifest.xml:27:13-37
83        <uses-library
83-->[androidx.window:window:1.0.0-beta04] AndroidManifest.xml:28:9-30:40
84            android:name="androidx.window.sidecar"
84-->[androidx.window:window:1.0.0-beta04] AndroidManifest.xml:29:13-51
85            android:required="false" />
85-->[androidx.window:window:1.0.0-beta04] AndroidManifest.xml:30:13-37
86
87        <activity
87-->[com.journeyapps:zxing-android-embedded:4.3.0] AndroidManifest.xml:47:9-53:63
88            android:name="com.journeyapps.barcodescanner.CaptureActivity"
88-->[com.journeyapps:zxing-android-embedded:4.3.0] AndroidManifest.xml:48:13-74
89            android:clearTaskOnLaunch="true"
89-->[com.journeyapps:zxing-android-embedded:4.3.0] AndroidManifest.xml:49:13-45
90            android:screenOrientation="sensorLandscape"
90-->[com.journeyapps:zxing-android-embedded:4.3.0] AndroidManifest.xml:50:13-56
91            android:stateNotNeeded="true"
91-->[com.journeyapps:zxing-android-embedded:4.3.0] AndroidManifest.xml:51:13-42
92            android:theme="@style/zxing_CaptureTheme"
92-->[com.journeyapps:zxing-android-embedded:4.3.0] AndroidManifest.xml:52:13-54
93            android:windowSoftInputMode="stateAlwaysHidden" />
93-->[com.journeyapps:zxing-android-embedded:4.3.0] AndroidManifest.xml:53:13-60
94        <activity
94-->[com.google.android.gms:play-services-base:16.0.1] AndroidManifest.xml:23:9-26:75
95            android:name="com.google.android.gms.common.api.GoogleApiActivity"
95-->[com.google.android.gms:play-services-base:16.0.1] AndroidManifest.xml:24:13-79
96            android:exported="false"
96-->[com.google.android.gms:play-services-base:16.0.1] AndroidManifest.xml:25:13-37
97            android:theme="@android:style/Theme.Translucent.NoTitleBar" />
97-->[com.google.android.gms:play-services-base:16.0.1] AndroidManifest.xml:26:13-72
98
99        <meta-data
99-->[com.google.android.gms:play-services-basement:16.0.1] AndroidManifest.xml:23:9-25:69
100            android:name="com.google.android.gms.version"
100-->[com.google.android.gms:play-services-basement:16.0.1] AndroidManifest.xml:24:13-58
101            android:value="@integer/google_play_services_version" />
101-->[com.google.android.gms:play-services-basement:16.0.1] AndroidManifest.xml:25:13-66
102
103        <provider
103-->[androidx.emoji2:emoji2:1.0.0] AndroidManifest.xml:26:9-34:20
104            android:name="androidx.startup.InitializationProvider"
104-->[androidx.emoji2:emoji2:1.0.0] AndroidManifest.xml:27:13-67
105            android:authorities="com.example.untitled.androidx-startup"
105-->[androidx.emoji2:emoji2:1.0.0] AndroidManifest.xml:28:13-68
106            android:exported="false" >
106-->[androidx.emoji2:emoji2:1.0.0] AndroidManifest.xml:29:13-37
107            <meta-data
107-->[androidx.emoji2:emoji2:1.0.0] AndroidManifest.xml:31:13-33:52
108                android:name="androidx.emoji2.text.EmojiCompatInitializer"
108-->[androidx.emoji2:emoji2:1.0.0] AndroidManifest.xml:32:17-75
109                android:value="androidx.startup" />
109-->[androidx.emoji2:emoji2:1.0.0] AndroidManifest.xml:33:17-49
110            <meta-data
110-->[androidx.lifecycle:lifecycle-process:2.4.0] AndroidManifest.xml:31:13-33:52
111                android:name="androidx.lifecycle.ProcessLifecycleInitializer"
111-->[androidx.lifecycle:lifecycle-process:2.4.0] AndroidManifest.xml:32:17-78
112                android:value="androidx.startup" />
112-->[androidx.lifecycle:lifecycle-process:2.4.0] AndroidManifest.xml:33:17-49
113        </provider>
114    </application>
115
116</manifest>